<?xml version="1.0" encoding="UTF-8"?>
<!-- Generated by org.testng.reporters.JUnitXMLReporter -->
<testsuite ignored="0" hostname="GOUD" failures="1" tests="3" name="Test" time="36.045" errors="0" timestamp="2024-01-14T11:28:20 IST">
  <testcase classname="Tests.LoginTest" name="login" time="10.661"/>
  <testcase classname="Tests.LoginTest" name="login" time="5.422"/>
  <testcase classname="Tests.LoginTest" name="login" time="19.423">
    <failure type="java.lang.AssertionError" message="expected [true] but found [false]">
      <![CDATA[java.lang.AssertionError: expected [true] but found [false]
at Tests.LoginTest.login(LoginTest.java:55)
at java.base/java.util.ArrayList.forEach(ArrayList.java:1511)
... Removed 34 stack frames]]>
    </failure>
  </testcase> <!-- login -->
</testsuite> <!-- Test -->
